TN:
SF:src/index.ts
FN:1,(empty-report)
FNF:1
FNH:0
FNDA:0,(empty-report)
DA:1,0
DA:2,0
DA:3,0
DA:4,0
LF:4
LH:0
BRDA:1,0,0,0
BRF:1
BRH:0
end_of_record
TN:
SF:src/angular/bus.service.ts
FN:9,<instance_members_initializer>
FN:11,publish
FN:15,request
FN:22,messages$
FNF:4
FNH:3
FNDA:1,<instance_members_initializer>
FNDA:2,publish
FNDA:0,request
FNDA:1,messages$
DA:1,1
DA:2,1
DA:3,1
DA:4,1
DA:5,1
DA:6,1
DA:7,1
DA:8,1
DA:9,1
DA:10,1
DA:11,1
DA:12,2
DA:13,2
DA:14,1
DA:15,1
DA:16,0
DA:17,0
DA:18,0
DA:19,0
DA:20,0
DA:21,1
DA:22,1
DA:23,1
DA:24,1
DA:25,1
DA:26,1
DA:27,1
DA:28,1
DA:29,1
DA:30,1
DA:31,1
DA:32,1
DA:33,1
DA:34,1
DA:35,1
DA:36,1
DA:37,1
DA:38,1
DA:39,1
LF:39
LH:34
BRDA:9,0,0,1
BRDA:11,1,0,2
BRDA:22,2,0,1
BRDA:26,3,0,1
BRDA:29,4,0,1
BRDA:34,5,0,1
BRF:6
BRH:6
end_of_record
TN:
SF:src/angular/host-bridge.service.ts
FN:8,<instance_members_initializer>
FN:10,tryPublish
FN:14,getBus
FNF:3
FNH:0
FNDA:0,<instance_members_initializer>
FNDA:0,tryPublish
FNDA:0,getBus
DA:1,1
DA:2,1
DA:3,1
DA:4,1
DA:5,1
DA:6,1
DA:7,1
DA:8,1
DA:9,1
DA:10,1
DA:11,0
DA:12,0
DA:13,1
DA:14,1
DA:15,0
DA:16,0
DA:17,1
LF:17
LH:13
BRDA:8,0,0,0
BRF:1
BRH:0
end_of_record
TN:
SF:src/angular/index.ts
FNF:0
FNH:0
DA:1,1
DA:2,1
DA:3,1
DA:4,1
LF:4
LH:4
BRF:0
BRH:0
end_of_record
TN:
SF:src/angular/provide-bus.ts
FN:7,provideBus
FN:16,injectBus
FNF:2
FNH:0
FNDA:0,provideBus
FNDA:0,injectBus
DA:1,1
DA:2,1
DA:3,1
DA:4,1
DA:5,1
DA:6,1
DA:7,1
DA:8,0
DA:9,0
DA:10,0
DA:11,0
DA:12,0
DA:13,0
DA:14,0
DA:15,1
DA:16,1
DA:17,0
DA:18,0
LF:18
LH:9
BRF:0
BRH:0
end_of_record
TN:
SF:src/angular/provide-host-bridge.ts
FN:10,provideHostBridge
FNF:1
FNH:0
FNDA:0,provideHostBridge
DA:1,1
DA:2,1
DA:3,1
DA:4,1
DA:5,1
DA:6,1
DA:7,1
DA:8,1
DA:9,1
DA:10,1
DA:11,0
DA:12,0
DA:13,0
DA:14,0
DA:15,0
DA:16,0
DA:17,0
DA:18,0
DA:19,0
DA:20,0
DA:21,0
DA:22,0
DA:23,0
DA:24,0
DA:25,0
DA:26,0
DA:27,0
LF:27
LH:10
BRF:0
BRH:0
end_of_record
TN:
SF:src/core/bus.ts
FN:55,assertIsoWithinTtl
FN:65,createBus
FN:89,validate
FN:103,deliver
FN:113,prepareSync
FN:140,publish
FN:162,request
FN:172,subscribe
FN:180,listener
FN:204,observeAll
FN:220,registerBeforeDeliver
FN:230,dispose
FNF:12
FNH:10
FNDA:0,assertIsoWithinTtl
FNDA:24,createBus
FNDA:33,validate
FNDA:27,deliver
FNDA:33,prepareSync
FNDA:33,publish
FNDA:1,request
FNDA:18,subscribe
FNDA:18,listener
FNDA:0,observeAll
FNDA:3,registerBeforeDeliver
FNDA:22,dispose
DA:1,1
DA:2,1
DA:3,1
DA:4,1
DA:5,1
DA:6,1
DA:7,1
DA:8,1
DA:9,1
DA:10,1
DA:11,1
DA:12,1
DA:13,1
DA:14,1
DA:15,1
DA:16,1
DA:17,1
DA:18,1
DA:19,1
DA:20,1
DA:21,1
DA:22,1
DA:23,1
DA:24,1
DA:25,1
DA:26,1
DA:27,1
DA:28,1
DA:29,1
DA:30,1
DA:31,1
DA:32,1
DA:33,1
DA:34,1
DA:35,1
DA:36,1
DA:37,1
DA:38,1
DA:39,1
DA:40,1
DA:41,1
DA:42,1
DA:43,1
DA:44,1
DA:45,1
DA:46,1
DA:47,1
DA:48,1
DA:49,1
DA:50,1
DA:51,1
DA:52,1
DA:53,1
DA:54,1
DA:55,0
DA:56,0
DA:57,0
DA:58,0
DA:59,0
DA:60,0
DA:61,0
DA:62,0
DA:63,0
DA:64,1
DA:65,1
DA:66,24
DA:67,24
DA:68,24
DA:69,24
DA:70,24
DA:71,1
DA:72,23
DA:73,24
DA:74,24
DA:75,24
DA:76,24
DA:77,24
DA:78,24
DA:79,24
DA:80,24
DA:81,24
DA:82,24
DA:83,24
DA:84,24
DA:85,24
DA:86,24
DA:87,24
DA:88,24
DA:89,24
DA:90,33
DA:91,33
DA:92,0
DA:93,0
DA:94,0
DA:95,0
DA:96,0
DA:97,33
DA:98,33
DA:99,2
DA:100,2
DA:101,33
DA:102,24
DA:103,24
DA:104,27
DA:105,27
DA:106,27
DA:107,27
DA:108,27
DA:109,27
DA:110,27
DA:111,27
DA:112,24
DA:113,24
DA:114,33
DA:115,0
DA:116,0
DA:117,33
DA:118,33
DA:119,33
DA:120,33
DA:121,2
DA:122,2
DA:123,1
DA:124,1
DA:125,2
DA:126,30
DA:127,30
DA:128,33
DA:129,33
DA:130,33
DA:131,6
DA:132,6
DA:133,27
DA:134,27
DA:135,33
DA:136,24
DA:137,24
DA:138,24
DA:139,24
DA:140,24
DA:141,33
DA:142,33
DA:143,1
DA:144,1
DA:145,33
DA:146,5
DA:147,1
DA:148,1
DA:149,1
DA:150,4
DA:151,4
DA:152,4
DA:153,0
DA:154,0
DA:155,27
DA:156,27
DA:157,27
DA:158,27
DA:159,27
DA:160,33
DA:161,24
DA:162,24
DA:163,1
DA:164,1
DA:165,1
DA:166,1
DA:167,1
DA:168,1
DA:169,1
DA:170,1
DA:171,24
DA:172,24
DA:173,18
DA:174,18
DA:175,18
DA:176,18
DA:177,18
DA:178,18
DA:179,18
DA:180,18
DA:181,18
DA:182,18
DA:183,18
DA:184,1
DA:185,1
DA:186,18
DA:187,2
DA:188,2
DA:189,15
DA:190,18
DA:191,18
DA:192,18
DA:193,18
DA:194,18
DA:195,18
DA:196,4
DA:197,4
DA:198,4
DA:199,4
DA:200,4
DA:201,4
DA:202,18
DA:203,24
DA:204,24
DA:205,0
DA:206,0
DA:207,0
DA:208,0
DA:209,0
DA:210,0
DA:211,0
DA:212,0
DA:213,0
DA:214,0
DA:215,0
DA:216,0
DA:217,0
DA:218,0
DA:219,24
DA:220,24
DA:221,3
DA:222,3
DA:223,3
DA:224,3
DA:225,3
DA:226,3
DA:227,3
DA:228,3
DA:229,24
DA:230,24
DA:231,22
DA:232,22
DA:233,14
DA:234,14
DA:235,22
DA:236,22
DA:237,0
DA:238,0
DA:239,22
DA:240,22
DA:241,22
DA:242,24
DA:243,24
DA:244,24
DA:245,24
LF:245
LH:211
BRDA:65,0,0,24
BRDA:66,1,0,23
BRDA:68,2,0,0
BRDA:70,3,0,1
BRDA:70,4,0,1
BRDA:71,5,0,23
BRDA:80,6,0,0
BRDA:81,7,0,1
BRDA:81,8,0,23
BRDA:89,9,0,33
BRDA:91,10,0,0
BRDA:98,11,0,2
BRDA:103,12,0,27
BRDA:113,13,0,33
BRDA:114,14,0,0
BRDA:120,15,0,2
BRDA:122,16,0,1
BRDA:125,17,0,30
BRDA:128,18,0,0
BRDA:130,19,0,6
BRDA:132,20,0,27
BRDA:140,21,0,33
BRDA:142,22,0,1
BRDA:145,23,0,5
BRDA:146,24,0,4
BRDA:146,25,0,1
BRDA:152,26,0,0
BRDA:154,27,0,27
BRDA:156,28,0,27
BRDA:162,29,0,1
BRDA:172,30,0,18
BRDA:177,31,0,4
BRDA:177,32,0,14
BRDA:178,33,0,0
BRDA:180,34,0,18
BRDA:183,35,0,1
BRDA:185,36,0,17
BRDA:186,37,0,5
BRDA:186,38,0,2
BRDA:188,39,0,15
BRDA:195,40,0,4
BRDA:197,41,0,4
BRDA:220,42,0,3
BRDA:222,43,0,3
BRDA:230,44,0,22
BRDA:232,45,0,14
BRDA:236,46,0,0
BRF:47
BRH:39
end_of_record
TN:
SF:src/core/dedupe.ts
FN:5,createDedupeGate
FN:8,prune
FN:17,shouldDrop
FNF:3
FNH:3
FNDA:1,createDedupeGate
FNDA:2,prune
FNDA:2,shouldDrop
DA:1,1
DA:2,1
DA:3,1
DA:4,1
DA:5,1
DA:6,1
DA:7,1
DA:8,1
DA:9,2
DA:10,1
DA:11,0
DA:12,0
DA:13,1
DA:14,2
DA:15,1
DA:16,1
DA:17,1
DA:18,2
DA:19,2
DA:20,1
DA:21,1
DA:22,1
DA:23,1
DA:24,2
DA:25,1
DA:26,1
LF:26
LH:24
BRDA:5,0,0,1
BRDA:8,1,0,2
BRDA:9,2,0,1
BRDA:10,3,0,0
BRDA:17,4,0,2
BRDA:19,5,0,1
BRF:6
BRH:5
end_of_record
TN:
SF:src/core/dispatcher.ts
FN:7,createMessageQueue
FN:11,runFlush
FN:22,enqueue
FNF:3
FNH:3
FNDA:24,createMessageQueue
FNDA:27,runFlush
FNDA:27,enqueue
DA:1,1
DA:2,1
DA:3,1
DA:4,1
DA:5,1
DA:6,1
DA:7,1
DA:8,24
DA:9,24
DA:10,24
DA:11,24
DA:12,27
DA:13,27
DA:14,27
DA:15,27
DA:16,27
DA:17,27
DA:18,27
DA:19,27
DA:20,24
DA:21,24
DA:22,24
DA:23,27
DA:24,27
DA:25,0
DA:26,0
DA:27,27
DA:28,27
DA:29,6
DA:30,21
DA:31,21
DA:32,21
DA:33,27
DA:34,24
DA:35,24
LF:35
LH:33
BRDA:7,0,0,24
BRDA:11,1,0,27
BRDA:22,2,0,27
BRDA:24,3,0,0
BRDA:28,4,0,21
BRDA:28,5,0,6
BRF:6
BRH:5
end_of_record
TN:
SF:src/core/errors.ts
FN:4,<instance_members_initializer>
FN:6,BusPolicyError
FN:15,<instance_members_initializer>
FN:17,BusValidationError
FNF:4
FNH:4
FNDA:1,<instance_members_initializer>
FNDA:1,BusPolicyError
FNDA:4,<instance_members_initializer>
FNDA:4,BusValidationError
DA:1,1
DA:2,1
DA:3,1
DA:4,1
DA:5,1
DA:6,1
DA:7,1
DA:8,1
DA:9,1
DA:10,1
DA:11,1
DA:12,1
DA:13,1
DA:14,1
DA:15,1
DA:16,1
DA:17,1
DA:18,4
DA:19,4
DA:20,4
DA:21,4
DA:22,4
DA:23,1
LF:23
LH:23
BRDA:4,0,0,1
BRDA:6,1,0,1
BRDA:15,2,0,4
BRDA:17,3,0,4
BRF:4
BRH:4
end_of_record
TN:
SF:src/core/host-bridge.ts
FN:31,withGeneratedIds
FN:40,toAckResult
FN:69,createHostBridge
FN:79,getBus
FN:80,tryPublish
FN:97,dispose
FNF:6
FNH:6
FNDA:3,withGeneratedIds
FNDA:1,toAckResult
FNDA:5,createHostBridge
FNDA:1,getBus
FNDA:3,tryPublish
FNDA:5,dispose
DA:1,1
DA:2,1
DA:3,1
DA:4,1
DA:5,1
DA:6,1
DA:7,1
DA:8,1
DA:9,1
DA:10,1
DA:11,1
DA:12,1
DA:13,1
DA:14,1
DA:15,1
DA:16,1
DA:17,1
DA:18,1
DA:19,1
DA:20,1
DA:21,1
DA:22,1
DA:23,1
DA:24,1
DA:25,1
DA:26,1
DA:27,1
DA:28,1
DA:29,1
DA:30,1
DA:31,3
DA:32,3
DA:33,3
DA:34,3
DA:35,3
DA:36,3
DA:37,3
DA:38,3
DA:39,1
DA:40,1
DA:41,1
DA:42,1
DA:43,1
DA:44,1
DA:45,1
DA:46,1
DA:47,1
DA:48,1
DA:49,1
DA:50,1
DA:51,0
DA:52,0
DA:53,0
DA:54,0
DA:55,0
DA:56,0
DA:57,0
DA:58,0
DA:59,0
DA:60,0
DA:61,0
DA:62,0
DA:63,0
DA:64,1
DA:65,1
DA:66,1
DA:67,1
DA:68,1
DA:69,1
DA:70,5
DA:71,5
DA:72,0
DA:73,0
DA:74,5
DA:75,5
DA:76,5
DA:77,5
DA:78,5
DA:79,5
DA:80,5
DA:81,3
DA:82,3
DA:83,3
DA:84,3
DA:85,3
DA:86,3
DA:87,3
DA:88,3
DA:89,3
DA:90,3
DA:91,3
DA:92,3
DA:93,3
DA:94,1
DA:95,1
DA:96,3
DA:97,5
DA:98,5
DA:99,5
DA:100,5
DA:101,5
DA:102,5
DA:103,5
DA:104,5
DA:105,5
DA:106,5
DA:107,5
DA:108,5
DA:109,5
DA:110,5
LF:110
LH:95
BRDA:31,0,0,3
BRDA:34,1,0,1
BRDA:35,2,0,0
BRDA:36,3,0,1
BRDA:40,4,0,1
BRDA:50,5,0,0
BRDA:64,6,0,0
BRDA:69,7,0,5
BRDA:71,8,0,0
BRDA:79,9,0,1
BRDA:80,10,0,3
BRDA:81,11,0,1
BRDA:93,12,0,1
BRDA:97,13,0,5
BRDA:98,14,0,0
BRF:15
BRH:10
end_of_record
TN:
SF:src/core/index.ts
FN:1,(empty-report)
FNF:1
FNH:0
FNDA:0,(empty-report)
DA:1,0
DA:2,0
DA:3,0
DA:4,0
DA:5,0
DA:6,0
DA:7,0
DA:8,0
DA:9,0
DA:10,0
DA:11,0
DA:12,0
DA:13,0
DA:14,0
DA:15,0
DA:16,0
DA:17,0
DA:18,0
DA:19,0
DA:20,0
DA:21,0
DA:22,0
DA:23,0
DA:24,0
DA:25,0
DA:26,0
DA:27,0
LF:27
LH:0
BRDA:1,0,0,0
BRF:1
BRH:0
end_of_record
TN:
SF:src/core/policy.ts
FN:4,defaultSensitivityPolicy
FN:10,composePolicies
FNF:2
FNH:2
FNDA:30,defaultSensitivityPolicy
FNDA:24,composePolicies
DA:1,1
DA:2,1
DA:3,1
DA:4,1
DA:5,30
DA:6,1
DA:7,1
DA:8,30
DA:9,1
DA:10,1
DA:11,24
DA:12,24
DA:13,24
DA:14,30
DA:15,31
DA:16,31
DA:17,30
DA:18,24
LF:18
LH:18
BRDA:4,0,0,30
BRDA:5,1,0,1
BRDA:10,2,0,24
BRDA:13,3,0,30
BRDA:14,4,0,31
BRDA:16,5,0,29
BRF:6
BRH:6
end_of_record
TN:
SF:src/core/registry.ts
FN:1,(empty-report)
FNF:1
FNH:0
FNDA:0,(empty-report)
DA:1,0
DA:2,0
DA:3,0
DA:4,0
DA:5,0
DA:6,0
DA:7,0
DA:8,0
DA:9,0
DA:10,0
DA:11,0
DA:12,0
DA:13,0
DA:14,0
DA:15,0
DA:16,0
DA:17,0
DA:18,0
DA:19,0
DA:20,0
DA:21,0
DA:22,0
DA:23,0
DA:24,0
DA:25,0
DA:26,0
DA:27,0
DA:28,0
DA:29,0
DA:30,0
DA:31,0
DA:32,0
DA:33,0
DA:34,0
DA:35,0
DA:36,0
DA:37,0
DA:38,0
DA:39,0
DA:40,0
DA:41,0
DA:42,0
DA:43,0
DA:44,0
LF:44
LH:0
BRDA:1,0,0,0
BRF:1
BRH:0
end_of_record
TN:
SF:src/core/request-response.ts
FN:11,<instance_members_initializer>
FN:13,waitForResponse
FN:27,tryResolve
FN:41,dispose
FNF:4
FNH:4
FNDA:24,<instance_members_initializer>
FNDA:1,waitForResponse
FNDA:27,tryResolve
FNDA:22,dispose
DA:1,1
DA:2,1
DA:3,1
DA:4,1
DA:5,1
DA:6,1
DA:7,1
DA:8,1
DA:9,1
DA:10,1
DA:11,1
DA:12,1
DA:13,1
DA:14,1
DA:15,1
DA:16,0
DA:17,0
DA:18,1
DA:19,1
DA:20,1
DA:21,1
DA:22,1
DA:23,1
DA:24,1
DA:25,1
DA:26,1
DA:27,1
DA:28,27
DA:29,26
DA:30,26
DA:31,1
DA:32,12
DA:33,0
DA:34,0
DA:35,1
DA:36,1
DA:37,1
DA:38,1
DA:39,27
DA:40,1
DA:41,1
DA:42,22
DA:43,0
DA:44,0
DA:45,0
DA:46,22
DA:47,22
DA:48,1
LF:48
LH:41
BRDA:11,0,0,24
BRDA:13,1,0,1
BRDA:14,2,0,1
BRDA:27,3,0,27
BRDA:28,4,0,26
BRDA:30,5,0,12
BRDA:30,6,0,1
BRDA:32,7,0,0
BRDA:34,8,0,1
BRDA:41,9,0,22
BRDA:42,10,0,0
BRF:11
BRH:9
end_of_record
TN:
SF:src/core/state-sync.ts
FN:31,attachStateSync
FN:34,getRevision
FN:35,getSnapshot
FN:36,dispose
FN:48,applyReplace
FN:72,applyPatch
FN:109,getRevision
FN:110,getSnapshot
FN:111,dispose
FNF:9
FNH:6
FNDA:3,attachStateSync
FNDA:0,getRevision
FNDA:0,getSnapshot
FNDA:0,dispose
FNDA:4,applyReplace
FNDA:1,applyPatch
FNDA:3,getRevision
FNDA:1,getSnapshot
FNDA:3,dispose
DA:1,1
DA:2,1
DA:3,1
DA:4,1
DA:5,1
DA:6,1
DA:7,1
DA:8,1
DA:9,1
DA:10,1
DA:11,1
DA:12,1
DA:13,1
DA:14,1
DA:15,1
DA:16,1
DA:17,1
DA:18,1
DA:19,1
DA:20,1
DA:21,1
DA:22,1
DA:23,1
DA:24,1
DA:25,1
DA:26,1
DA:27,1
DA:28,1
DA:29,1
DA:30,1
DA:31,1
DA:32,3
DA:33,0
DA:34,0
DA:35,0
DA:36,0
DA:37,0
DA:38,0
DA:39,3
DA:40,3
DA:41,3
DA:42,3
DA:43,3
DA:44,3
DA:45,3
DA:46,3
DA:47,3
DA:48,3
DA:49,4
DA:50,4
DA:51,4
DA:52,4
DA:53,1
DA:54,1
DA:55,3
DA:56,4
DA:57,1
DA:58,1
DA:59,1
DA:60,1
DA:61,1
DA:62,1
DA:63,1
DA:64,1
DA:65,1
DA:66,1
DA:67,2
DA:68,2
DA:69,2
DA:70,4
DA:71,3
DA:72,3
DA:73,1
DA:74,1
DA:75,1
DA:76,1
DA:77,1
DA:78,1
DA:79,1
DA:80,1
DA:81,1
DA:82,3
DA:83,3
DA:84,6
DA:85,0
DA:86,0
DA:87,6
DA:88,6
DA:89,6
DA:90,3
DA:91,3
DA:92,3
DA:93,6
DA:94,1
DA:95,1
DA:96,1
DA:97,6
DA:98,1
DA:99,1
DA:100,1
DA:101,1
DA:102,1
DA:103,1
DA:104,1
DA:105,1
DA:106,3
DA:107,3
DA:108,3
DA:109,3
DA:110,3
DA:111,3
DA:112,3
DA:113,3
DA:114,3
DA:115,3
LF:115
LH:107
BRDA:31,0,0,3
BRDA:32,1,0,0
BRDA:40,2,0,0
BRDA:42,3,0,0
BRDA:45,4,0,0
BRDA:48,5,0,4
BRDA:49,6,0,0
BRDA:52,7,0,1
BRDA:52,8,0,1
BRDA:54,9,0,3
BRDA:56,10,0,1
BRDA:56,11,0,1
BRDA:66,12,0,2
BRDA:72,13,0,1
BRDA:73,14,0,0
BRDA:83,15,0,6
BRDA:84,16,0,0
BRDA:89,17,0,3
BRDA:93,18,0,1
BRDA:96,19,0,2
BRDA:97,20,0,1
BRDA:109,21,0,3
BRDA:110,22,0,1
BRDA:111,23,0,3
BRF:24
BRH:17
end_of_record
TN:
SF:src/react/BusContext.tsx
FNF:0
FNH:0
DA:1,1
DA:2,1
DA:3,1
DA:4,1
LF:4
LH:4
BRF:0
BRH:0
end_of_record
TN:
SF:src/react/BusProvider.tsx
FN:10,BusProvider
FNF:1
FNH:1
FNDA:1,BusProvider
DA:1,1
DA:2,1
DA:3,1
DA:4,1
DA:5,1
DA:6,1
DA:7,1
DA:8,1
DA:9,1
DA:10,1
DA:11,1
DA:12,1
DA:13,1
DA:14,1
DA:15,1
LF:15
LH:15
BRDA:10,0,0,1
BRF:1
BRH:1
end_of_record
TN:
SF:src/react/HostBridgeProvider.tsx
FN:6,HostBridgeProvider
FNF:1
FNH:0
FNDA:0,HostBridgeProvider
DA:1,1
DA:2,1
DA:3,1
DA:4,1
DA:5,1
DA:6,1
DA:7,0
DA:8,0
DA:9,0
DA:10,0
DA:11,0
DA:12,0
DA:13,0
DA:14,0
DA:15,0
DA:16,0
DA:17,0
DA:18,0
DA:19,0
DA:20,0
DA:21,0
DA:22,0
DA:23,0
DA:24,0
DA:25,0
DA:26,0
DA:27,0
DA:28,0
LF:28
LH:6
BRF:0
BRH:0
end_of_record
TN:
SF:src/react/index.ts
FNF:0
FNH:0
DA:1,1
DA:2,1
DA:3,1
DA:4,1
DA:5,1
DA:6,1
LF:6
LH:6
BRF:0
BRH:0
end_of_record
TN:
SF:src/react/useBus.ts
FN:5,useBus
FNF:1
FNH:1
FNDA:2,useBus
DA:1,1
DA:2,1
DA:3,1
DA:4,1
DA:5,1
DA:6,2
DA:7,2
DA:8,0
DA:9,0
DA:10,2
DA:11,2
LF:11
LH:9
BRDA:5,0,0,2
BRDA:7,1,0,0
BRF:2
BRH:1
end_of_record
TN:
SF:src/react/usePublish.ts
FN:5,usePublish
FNF:1
FNH:0
FNDA:0,usePublish
DA:1,1
DA:2,1
DA:3,1
DA:4,1
DA:5,1
DA:6,0
DA:7,0
DA:8,0
DA:9,0
DA:10,0
DA:11,0
DA:12,0
DA:13,0
LF:13
LH:5
BRF:0
BRH:0
end_of_record
TN:
SF:src/react/useSubscribe.ts
FN:6,useSubscribe
FNF:1
FNH:1
FNDA:1,useSubscribe
DA:1,1
DA:2,1
DA:3,1
DA:4,1
DA:5,1
DA:6,1
DA:7,1
DA:8,1
DA:9,1
DA:10,1
DA:11,1
DA:12,1
DA:13,1
DA:14,1
DA:15,1
DA:16,1
DA:17,1
DA:18,1
DA:19,1
LF:19
LH:19
BRDA:6,0,0,1
BRDA:18,1,0,0
BRDA:13,2,0,1
BRDA:15,3,0,1
BRF:4
BRH:3
end_of_record
TN:
SF:src/schemas/command-message.schema.ts
FN:1,(empty-report)
FNF:1
FNH:0
FNDA:0,(empty-report)
DA:1,0
DA:2,0
DA:3,0
DA:4,0
DA:5,0
DA:6,0
DA:7,0
DA:8,0
DA:9,0
LF:9
LH:0
BRDA:1,0,0,0
BRF:1
BRH:0
end_of_record
TN:
SF:src/schemas/event-message.schema.ts
FNF:0
FNH:0
DA:1,1
DA:2,1
DA:3,1
DA:4,1
DA:5,1
DA:6,1
DA:7,1
DA:8,1
LF:8
LH:8
BRF:0
BRH:0
end_of_record
TN:
SF:src/schemas/index.ts
FN:1,(empty-report)
FNF:1
FNH:0
FNDA:0,(empty-report)
DA:1,0
DA:2,0
DA:3,0
DA:4,0
DA:5,0
DA:6,0
LF:6
LH:0
BRDA:1,0,0,0
BRF:1
BRH:0
end_of_record
TN:
SF:src/schemas/message-base.schema.ts
FNF:0
FNH:0
DA:1,1
DA:2,1
DA:3,1
DA:4,1
DA:5,1
DA:6,1
DA:7,1
DA:8,1
DA:9,1
DA:10,1
DA:11,1
DA:12,1
DA:13,1
DA:14,1
DA:15,1
DA:16,1
DA:17,1
DA:18,1
DA:19,1
DA:20,1
LF:20
LH:20
BRF:0
BRH:0
end_of_record
TN:
SF:src/schemas/query-message.schema.ts
FN:1,(empty-report)
FNF:1
FNH:0
FNDA:0,(empty-report)
DA:1,0
DA:2,0
DA:3,0
DA:4,0
DA:5,0
DA:6,0
DA:7,0
DA:8,0
DA:9,0
DA:10,0
LF:10
LH:0
BRDA:1,0,0,0
BRF:1
BRH:0
end_of_record
TN:
SF:src/schemas/state-message.schema.ts
FNF:0
FNH:0
DA:1,1
DA:2,1
DA:3,1
DA:4,1
DA:5,1
DA:6,1
DA:7,1
DA:8,1
DA:9,1
DA:10,1
DA:11,1
DA:12,1
LF:12
LH:12
BRF:0
BRH:0
end_of_record
TN:
SF:src/schemas/user-context-message.schema.ts
FNF:0
FNH:0
DA:1,1
DA:2,1
DA:3,1
DA:4,1
DA:5,1
DA:6,1
DA:7,1
DA:8,1
DA:9,1
DA:10,1
DA:11,1
DA:12,1
DA:13,1
DA:14,1
DA:15,1
DA:16,1
DA:17,1
DA:18,1
DA:19,1
DA:20,1
LF:20
LH:20
BRF:0
BRH:0
end_of_record
TN:
SF:src/vue/createBusPlugin.ts
FN:8,createBusPlugin
FN:10,install
FNF:2
FNH:2
FNDA:1,createBusPlugin
FNDA:1,install
DA:1,1
DA:2,1
DA:3,1
DA:4,1
DA:5,1
DA:6,1
DA:7,1
DA:8,1
DA:9,1
DA:10,1
DA:11,1
DA:12,1
DA:13,1
DA:14,1
DA:15,1
DA:16,1
LF:16
LH:16
BRDA:8,0,0,1
BRDA:10,1,0,1
BRF:2
BRH:2
end_of_record
TN:
SF:src/vue/createHostBridgePlugin.ts
FN:10,createHostBridgePlugin
FNF:1
FNH:0
FNDA:0,createHostBridgePlugin
DA:1,1
DA:2,1
DA:3,1
DA:4,1
DA:5,1
DA:6,1
DA:7,1
DA:8,1
DA:9,1
DA:10,1
DA:11,0
DA:12,0
DA:13,0
DA:14,0
DA:15,0
DA:16,0
DA:17,0
DA:18,0
DA:19,0
DA:20,0
DA:21,0
DA:22,0
DA:23,0
DA:24,0
DA:25,0
DA:26,0
DA:27,0
DA:28,0
LF:28
LH:10
BRF:0
BRH:0
end_of_record
TN:
SF:src/vue/index.ts
FNF:0
FNH:0
DA:1,1
DA:2,1
DA:3,1
DA:4,1
LF:4
LH:4
BRF:0
BRH:0
end_of_record
TN:
SF:src/vue/internal-app-bus.ts
FN:6,rememberBusForApp
FN:10,getBusForApp
FNF:2
FNH:1
FNDA:1,rememberBusForApp
FNDA:0,getBusForApp
DA:1,1
DA:2,1
DA:3,1
DA:4,1
DA:5,1
DA:6,1
DA:7,1
DA:8,1
DA:9,1
DA:10,1
DA:11,0
DA:12,0
LF:12
LH:10
BRDA:6,0,0,1
BRF:1
BRH:1
end_of_record
TN:
SF:src/vue/useBus.ts
FN:5,useBus
FNF:1
FNH:1
FNDA:2,useBus
DA:1,1
DA:2,1
DA:3,1
DA:4,1
DA:5,1
DA:6,2
DA:7,2
DA:8,0
DA:9,0
DA:10,2
DA:11,2
LF:11
LH:9
BRDA:5,0,0,2
BRDA:7,1,0,0
BRF:2
BRH:1
end_of_record
TN:
SF:src/vue/useSubscribe.ts
FN:6,useSubscribe
FNF:1
FNH:1
FNDA:1,useSubscribe
DA:1,1
DA:2,1
DA:3,1
DA:4,1
DA:5,1
DA:6,1
DA:7,1
DA:8,1
DA:9,1
DA:10,1
DA:11,1
DA:12,1
DA:13,1
DA:14,1
DA:15,1
DA:16,1
LF:16
LH:16
BRDA:6,0,0,1
BRDA:13,1,0,1
BRF:2
BRH:2
end_of_record
